2022-11-27 12:44:56.324  INFO 8844 --- [main] c.s.s.SpringBootSecurityJwtApplication   : Starting SpringBootSecurityJwtApplication using Java 17.0.4 on DCIREODCPR37 with PID 8844 (C:\Users\mkkeita\Desktop\secucom\target\classes started by mkkeita in C:\Users\mkkeita\Desktop\secucom)
2022-11-27 12:44:56.327  INFO 8844 --- [main] c.s.s.SpringBootSecurityJwtApplication   : No active profile set, falling back to 1 default profile: "default"
2022-11-27 12:44:57.077  INFO 8844 --- [main] .s.d.r.c.RepositoryConfigurationDelegate : Bootstrapping Spring Data JPA repositories in DEFAULT mode.
2022-11-27 12:44:57.159  INFO 8844 --- [main] .s.d.r.c.RepositoryConfigurationDelegate : Finished Spring Data repository scanning in 68 ms. Found 2 JPA repository interfaces.
2022-11-27 12:44:58.124  INFO 8844 --- [main] o.s.b.w.embedded.tomcat.TomcatWebServer  : Tomcat initialized with port(s): 8080 (http)
2022-11-27 12:44:58.143  INFO 8844 --- [main] o.apache.catalina.core.StandardService   : Starting service [Tomcat]
2022-11-27 12:44:58.144  INFO 8844 --- [main] org.apache.catalina.core.StandardEngine  : Starting Servlet engine: [Apache Tomcat/9.0.65]
2022-11-27 12:44:58.309  INFO 8844 --- [main] o.a.c.c.C.[Tomcat].[localhost].[/]       : Initializing Spring embedded WebApplicationContext
2022-11-27 12:44:58.310  INFO 8844 --- [main] w.s.c.ServletWebServerApplicationContext : Root WebApplicationContext: initialization completed in 1913 ms
2022-11-27 12:44:58.557  INFO 8844 --- [main] o.hibernate.jpa.internal.util.LogHelper  : HHH000204: Processing PersistenceUnitInfo [name: default]
2022-11-27 12:44:58.624  INFO 8844 --- [main] org.hibernate.Version                    : HHH000412: Hibernate ORM core version 5.6.10.Final
2022-11-27 12:44:58.814  INFO 8844 --- [main] o.hibernate.annotations.common.Version   : HCANN000001: Hibernate Commons Annotations {5.1.2.Final}
2022-11-27 12:44:58.907  INFO 8844 --- [main] com.zaxxer.hikari.HikariDataSource       : HikariPool-1 - Starting...
2022-11-27 12:44:59.060  INFO 8844 --- [main] com.zaxxer.hikari.HikariDataSource       : HikariPool-1 - Start completed.
2022-11-27 12:44:59.076  INFO 8844 --- [main] org.hibernate.dialect.Dialect            : HHH000400: Using dialect: org.hibernate.dialect.MySQL5InnoDBDialect
2022-11-27 12:45:00.135  INFO 8844 --- [main] o.h.e.t.j.p.i.JtaPlatformInitiator       : HHH000490: Using JtaPlatform implementation: [org.hibernate.engine.transaction.jta.platform.internal.NoJtaPlatform]
2022-11-27 12:45:00.142  INFO 8844 --- [main] j.LocalContainerEntityManagerFactoryBean : Initialized JPA EntityManagerFactory for persistence unit 'default'
2022-11-27 12:45:00.883  WARN 8844 --- [main] JpaBaseConfiguration$JpaWebConfiguration : spring.jpa.open-in-view is enabled by default. Therefore, database queries may be performed during view rendering. Explicitly configure spring.jpa.open-in-view to disable this warning
2022-11-27 12:45:01.062  INFO 8844 --- [main] o.s.s.web.DefaultSecurityFilterChain     : Will secure any request with [org.springframework.security.web.session.DisableEncodeUrlFilter@6f2a1ff0, org.springframework.security.web.context.request.async.WebAsyncManagerIntegrationFilter@647ce968, org.springframework.security.web.context.SecurityContextPersistenceFilter@dbcf7c3, org.springframework.security.web.header.HeaderWriterFilter@293ecff6, org.springframework.web.filter.CorsFilter@2a2b3aff, org.springframework.security.web.authentication.logout.LogoutFilter@71de1091, org.springframework.security.oauth2.client.web.OAuth2AuthorizationRequestRedirectFilter@54b96813, org.springframework.security.oauth2.client.web.OAuth2LoginAuthenticationFilter@2b3d03b2, com.secucom.springjwt.security.jwt.AuthTokenFilter@75c8d8e7, org.springframework.security.web.authentication.UsernamePasswordAuthenticationFilter@542beecb, org.springframework.security.web.authentication.ui.DefaultLoginPageGeneratingFilter@599310ab, org.springframework.security.web.authentication.ui.DefaultLogoutPageGeneratingFilter@4bc9451b, org.springframework.security.web.savedrequest.RequestCacheAwareFilter@63243c8f, org.springframework.security.web.servletapi.SecurityContextHolderAwareRequestFilter@2ea4e762, org.springframework.security.web.authentication.AnonymousAuthenticationFilter@74a3160d, org.springframework.security.web.session.SessionManagementFilter@34d72f06, org.springframework.security.web.access.ExceptionTranslationFilter@66d44581, org.springframework.security.web.access.intercept.FilterSecurityInterceptor@56d6e2e1]
2022-11-27 12:45:01.263  INFO 8844 --- [main] o.s.b.w.embedded.tomcat.TomcatWebServer  : Tomcat started on port(s): 8080 (http) with context path ''
2022-11-27 12:45:01.272  INFO 8844 --- [main] c.s.s.SpringBootSecurityJwtApplication   : Started SpringBootSecurityJwtApplication in 5.395 seconds (JVM running for 5.85)
2022-11-27 12:54:24.407  INFO 8844 --- [SpringApplicationShutdownHook] j.LocalContainerEntityManagerFactoryBean : Closing JPA EntityManagerFactory for persistence unit 'default'
2022-11-27 12:54:24.446  INFO 8844 --- [SpringApplicationShutdownHook] com.zaxxer.hikari.HikariDataSource       : HikariPool-1 - Shutdown initiated...
2022-11-27 12:54:24.491  INFO 8844 --- [SpringApplicationShutdownHook] com.zaxxer.hikari.HikariDataSource       : HikariPool-1 - Shutdown completed.
2022-11-27 12:54:27.327  INFO 18420 --- [main] c.s.s.SpringBootSecurityJwtApplication   : Starting SpringBootSecurityJwtApplication using Java 17.0.4 on DCIREODCPR37 with PID 18420 (C:\Users\mkkeita\Desktop\secucom\target\classes started by mkkeita in C:\Users\mkkeita\Desktop\secucom)
2022-11-27 12:54:27.329  INFO 18420 --- [main] c.s.s.SpringBootSecurityJwtApplication   : No active profile set, falling back to 1 default profile: "default"
2022-11-27 12:54:27.948  INFO 18420 --- [main] .s.d.r.c.RepositoryConfigurationDelegate : Bootstrapping Spring Data JPA repositories in DEFAULT mode.
2022-11-27 12:54:28.003  INFO 18420 --- [main] .s.d.r.c.RepositoryConfigurationDelegate : Finished Spring Data repository scanning in 48 ms. Found 2 JPA repository interfaces.
2022-11-27 12:54:28.558  INFO 18420 --- [main] o.s.b.w.embedded.tomcat.TomcatWebServer  : Tomcat initialized with port(s): 8080 (http)
2022-11-27 12:54:28.570  INFO 18420 --- [main] o.apache.catalina.core.StandardService   : Starting service [Tomcat]
2022-11-27 12:54:28.570  INFO 18420 --- [main] org.apache.catalina.core.StandardEngine  : Starting Servlet engine: [Apache Tomcat/9.0.65]
2022-11-27 12:54:28.717  INFO 18420 --- [main] o.a.c.c.C.[Tomcat].[localhost].[/]       : Initializing Spring embedded WebApplicationContext
2022-11-27 12:54:28.717  INFO 18420 --- [main] w.s.c.ServletWebServerApplicationContext : Root WebApplicationContext: initialization completed in 1343 ms
2022-11-27 12:54:28.870  INFO 18420 --- [main] o.hibernate.jpa.internal.util.LogHelper  : HHH000204: Processing PersistenceUnitInfo [name: default]
2022-11-27 12:54:28.919  INFO 18420 --- [main] org.hibernate.Version                    : HHH000412: Hibernate ORM core version 5.6.10.Final
2022-11-27 12:54:29.049  INFO 18420 --- [main] o.hibernate.annotations.common.Version   : HCANN000001: Hibernate Commons Annotations {5.1.2.Final}
2022-11-27 12:54:29.130  INFO 18420 --- [main] com.zaxxer.hikari.HikariDataSource       : HikariPool-1 - Starting...
2022-11-27 12:54:29.274  INFO 18420 --- [main] com.zaxxer.hikari.HikariDataSource       : HikariPool-1 - Start completed.
2022-11-27 12:54:29.287  INFO 18420 --- [main] org.hibernate.dialect.Dialect            : HHH000400: Using dialect: org.hibernate.dialect.MySQL5InnoDBDialect
2022-11-27 12:54:30.372  INFO 18420 --- [main] o.h.e.t.j.p.i.JtaPlatformInitiator       : HHH000490: Using JtaPlatform implementation: [org.hibernate.engine.transaction.jta.platform.internal.NoJtaPlatform]
2022-11-27 12:54:30.379  INFO 18420 --- [main] j.LocalContainerEntityManagerFactoryBean : Initialized JPA EntityManagerFactory for persistence unit 'default'
2022-11-27 12:54:30.908  WARN 18420 --- [main] JpaBaseConfiguration$JpaWebConfiguration : spring.jpa.open-in-view is enabled by default. Therefore, database queries may be performed during view rendering. Explicitly configure spring.jpa.open-in-view to disable this warning
2022-11-27 12:54:31.053  INFO 18420 --- [main] o.s.s.web.DefaultSecurityFilterChain     : Will secure any request with [org.springframework.security.web.session.DisableEncodeUrlFilter@160e45c8, org.springframework.security.web.context.request.async.WebAsyncManagerIntegrationFilter@7f9dbe11, org.springframework.security.web.context.SecurityContextPersistenceFilter@65a66a75, org.springframework.security.web.header.HeaderWriterFilter@72b53f27, org.springframework.web.filter.CorsFilter@17e8caf2, org.springframework.security.web.authentication.logout.LogoutFilter@3a7dcfb7, org.springframework.security.oauth2.client.web.OAuth2AuthorizationRequestRedirectFilter@15a8bbe5, org.springframework.security.oauth2.client.web.OAuth2LoginAuthenticationFilter@3369e2ce, com.secucom.springjwt.security.jwt.AuthTokenFilter@54d2f5d3, org.springframework.security.web.authentication.UsernamePasswordAuthenticationFilter@5f26cb8b, org.springframework.security.web.authentication.ui.DefaultLoginPageGeneratingFilter@293ecff6, org.springframework.security.web.authentication.ui.DefaultLogoutPageGeneratingFilter@104cf647, org.springframework.security.web.savedrequest.RequestCacheAwareFilter@78829412, org.springframework.security.web.servletapi.SecurityContextHolderAwareRequestFilter@3ba8ef4e, org.springframework.security.web.authentication.AnonymousAuthenticationFilter@7488c183, org.springframework.security.web.session.SessionManagementFilter@632b96b8, org.springframework.security.web.access.ExceptionTranslationFilter@2c1a95a2, org.springframework.security.web.access.intercept.FilterSecurityInterceptor@4b9d2cee]
2022-11-27 12:54:31.222  INFO 18420 --- [main] o.s.b.w.embedded.tomcat.TomcatWebServer  : Tomcat started on port(s): 8080 (http) with context path ''
2022-11-27 12:54:31.229  INFO 18420 --- [main] c.s.s.SpringBootSecurityJwtApplication   : Started SpringBootSecurityJwtApplication in 4.292 seconds (JVM running for 4.713)
2022-11-27 12:56:04.412  INFO 18420 --- [http-nio-8080-exec-2] o.a.c.c.C.[Tomcat].[localhost].[/]       : Initializing Spring DispatcherServlet 'dispatcherServlet'
2022-11-27 12:56:04.413  INFO 18420 --- [http-nio-8080-exec-2] o.s.web.servlet.DispatcherServlet        : Initializing Servlet 'dispatcherServlet'
2022-11-27 12:56:04.417  INFO 18420 --- [http-nio-8080-exec-2] o.s.web.servlet.DispatcherServlet        : Completed initialization in 3 ms
2022-11-27 12:56:04.596 ERROR 18420 --- [http-nio-8080-exec-2] c.s.springjwt.security.jwt.JwtUtils      : Le jeton JWT a expiré: JWT expired at 2022-11-26T20:00:45Z. Current time: 2022-11-27T12:56:04Z, a difference of 60919593 milliseconds.  Allowed clock skew: 0 milliseconds.
2022-11-27 12:56:04.765 ERROR 18420 --- [http-nio-8080-exec-5] c.s.springjwt.security.jwt.JwtUtils      : Le jeton JWT a expiré: JWT expired at 2022-11-26T20:00:45Z. Current time: 2022-11-27T12:56:04Z, a difference of 60919765 milliseconds.  Allowed clock skew: 0 milliseconds.
2022-11-27 13:49:10.164  INFO 18420 --- [SpringApplicationShutdownHook] j.LocalContainerEntityManagerFactoryBean : Closing JPA EntityManagerFactory for persistence unit 'default'
2022-11-27 13:49:10.211  INFO 18420 --- [SpringApplicationShutdownHook] com.zaxxer.hikari.HikariDataSource       : HikariPool-1 - Shutdown initiated...
2022-11-27 13:49:10.268  INFO 18420 --- [SpringApplicationShutdownHook] com.zaxxer.hikari.HikariDataSource       : HikariPool-1 - Shutdown completed.
